
Showing logs for build [32mcb-kubecd-environment-pr-186-1-v4js4-1[0m stage [32mfrom-build-pack[0m and container [32mstep-credential-initializer-w65k7[0m
{"level":"warn","ts":1584723847.1255453,"logger":"fallback-logger","caller":"logging/config.go:69","msg":"Fetch GitHub commit ID from kodata failed: \"ref: refs/heads/0.8.0-**-support-backwards-incompats\" is not a valid GitHub commit ID"}
{"level":"info","ts":1584723847.1264765,"logger":"fallback-logger","caller":"creds-init/main.go:40","msg":"Credentials initialized."}

Showing logs for build [32mcb-kubecd-environment-pr-186-1-v4js4-1[0m stage [32mfrom-build-pack[0m and container [32mstep-working-dir-initializer-585m6[0m
{"level":"warn","ts":1584723848.2024076,"logger":"fallback-logger","caller":"logging/config.go:69","msg":"Fetch GitHub commit ID from kodata failed: open /var/run/ko/HEAD: no such file or directory"}
{"level":"info","ts":1584723848.203784,"logger":"fallback-logger","caller":"bash/main.go:64","msg":"Successfully executed command \"sh -c mkdir -p /workspace/source\"; output "}

Showing logs for build [32mcb-kubecd-environment-pr-186-1-v4js4-1[0m stage [32mfrom-build-pack[0m and container [32mstep-place-tools[0m

Showing logs for build [32mcb-kubecd-environment-pr-186-1-v4js4-1[0m stage [32mfrom-build-pack[0m and container [32mstep-git-source-cb-kubecd-environment-pr-186-1-v4js4-8jh4m[0m
{"level":"warn","ts":1584723875.314429,"logger":"fallback-logger","caller":"logging/config.go:69","msg":"Fetch GitHub commit ID from kodata failed: \"ref: refs/heads/0.8.0-**-support-backwards-incompats\" is not a valid GitHub commit ID"}
{"level":"info","ts":1584723876.4616065,"logger":"fallback-logger","caller":"git/git.go:103","msg":"Successfully cloned https://github.com/cb-kubecd/environment-pr-186-1-boot-gke-production.git @ master in path /workspace/source"}

Showing logs for build [32mcb-kubecd-environment-pr-186-1-v4js4-1[0m stage [32mfrom-build-pack[0m and container [32mstep-git-merge[0m
Using SHAs from PULL_REFS=master:70b4420350b38fd9e8e510c367cb88ff6900f1b5,1:398bf4da0bd15dc477a9a520b07b35b0298179a6
DEBUG: LC_ALL=C JX_LOG_LEVEL=error git fetch origin --unshallow 398bf4da0bd15dc477a9a520b07b35b0298179a6: 70b4420350b38fd9e8e510c367cb88ff6900f1b5:
DEBUG: ran git fetch --unshallow origin 398bf4da0bd15dc477a9a520b07b35b0298179a6: 70b4420350b38fd9e8e510c367cb88ff6900f1b5: in 
DEBUG: LC_ALL=C JX_LOG_LEVEL=error git branch
DEBUG: LC_ALL=C JX_LOG_LEVEL=error git checkout master
DEBUG: ran git checkout master in 
DEBUG: LC_ALL=C JX_LOG_LEVEL=error git reset --hard 70b4420350b38fd9e8e510c367cb88ff6900f1b5
DEBUG: ran git reset --hard 70b4420350b38fd9e8e510c367cb88ff6900f1b5 in 
DEBUG: JX_LOG_LEVEL=error LC_ALL=C git clean -fd .
DEBUG: ran clean --force -d . in 
DEBUG: LC_ALL=C JX_LOG_LEVEL=error git merge 398bf4da0bd15dc477a9a520b07b35b0298179a6
DEBUG: ran git merge 398bf4da0bd15dc477a9a520b07b35b0298179a6 in 
DEBUG: LC_ALL=C JX_LOG_LEVEL=error git log --format=%H%x1f%an%x1f%ae%x1f%cn%x1f%ce%x1f%s%n%b%x1e 70b4420350b38fd9e8e510c367cb88ff6900f1b5..HEAD
Merged SHA 398bf4da0bd15dc477a9a520b07b35b0298179a6 with commit message 'chore: Promote bdd-spring-1584722898 to version 0.0.1' into base branch master

Showing logs for build [32mcb-kubecd-environment-pr-186-1-v4js4-1[0m stage [32mfrom-build-pack[0m and container [32mstep-build-helm-build[0m
WARNING: No $CHART_REPOSITORY defined so using the default value of: http://jenkins-x-chartmuseum:8080
Adding missing Helm repo: storage.googleapis.com https://storage.googleapis.com/chartmuseum.jenkins-x.io
WARNING: No secrets found on "helm/repos" due: reading the secret "helm/repos" from vault: no secret "helm/repos" not found in vault
Read credentials for https://storage.googleapis.com/chartmuseum.jenkins-x.io from vault helm/repos
Successfully added Helm repository storage.googleapis.com.
Adding missing Helm repo: jenkins-x-chartmuseum http://jenkins-x-chartmuseum:8080
WARNING: No secrets found on "helm/repos" due: reading the secret "helm/repos" from vault: no secret "helm/repos" not found in vault
Read credentials for http://jenkins-x-chartmuseum:8080 from vault helm/repos
Successfully added Helm repository jenkins-x-chartmuseum.
WARNING: No $CHART_REPOSITORY defined so using the default value of: http://jenkins-x-chartmuseum:8080
Adding missing Helm repo: chartmuseum.jenkins-x.io http://chartmuseum.jenkins-x.io
WARNING: No secrets found on "helm/repos" due: reading the secret "helm/repos" from vault: no secret "helm/repos" not found in vault
Read credentials for http://chartmuseum.jenkins-x.io from vault helm/repos
Successfully added Helm repository chartmuseum.jenkins-x.io.
